<?xml version="1.0" encoding="UTF-8"?>
<!-- Generated by org.testng.reporters.JUnitReportReporter -->
<testsuite hostname="DESKTOP-AM6U94K" failures="0" tests="1" name="com.mohs10.scripts.AppTest" time="9.210" errors="0" timestamp="2023-02-23T16:07:01 IST" skipped="0">
  <testcase classname="com.mohs10.scripts.AppTest" name="kickStart" time="9.210"/>
  <system-out/>
</testsuite> <!-- com.mohs10.scripts.AppTest -->
