<?xml version="1.0" encoding="UTF-8"?>
<!-- Generated by org.testng.reporters.JUnitReportReporter -->
<testsuite hostname="Karishma" failures="0" tests="1" name="RestAssured.post$HTTPRequests" time="2.876" errors="0" timestamp="2023-04-18T15:27:24 IST" skipped="0">
  <testcase classname="RestAssured.post$HTTPRequests" name="createUser" time="2.876"/>
  <system-out/>
</testsuite> <!-- RestAssured.post$HTTPRequests -->
