<?xml version="1.0" encoding="UTF-8"?>
<!-- Generated by org.testng.reporters.JUnitReportReporter -->
<testsuite hostname="DESKTOP-KOJOBGV" failures="0" tests="1" name="com.mohs10.Report.PDFReportTest" time="2.139" errors="0" timestamp="2023-05-09T18:27:25 IST" skipped="0">
  <testcase classname="com.mohs10.Report.PDFReportTest" name="PDFreports" time="2.139"/>
  <system-out/>
</testsuite> <!-- com.mohs10.Report.PDFReportTest -->
