<?xml version="1.0" encoding="UTF-8"?>
<!-- Generated by org.testng.reporters.JUnitReportReporter -->
<testsuite hostname="Karishma" failures="0" tests="3" name="RestAssured.delete$HTTPRequests" time="2.296" errors="0" timestamp="2023-04-18T15:27:24 IST" skipped="0">
  <testcase classname="RestAssured.delete$HTTPRequests" name="createUser" time="0.806"/>
  <system-out/>
  <testcase classname="RestAssured.delete$HTTPRequests" name="updateUser" time="0.715"/>
  <system-out/>
  <testcase classname="RestAssured.delete$HTTPRequests" name="deleteUser" time="0.775"/>
  <system-out/>
</testsuite> <!-- RestAssured.delete$HTTPRequests -->
