<?xml version="1.0" encoding="UTF-8"?>
<!-- Generated by org.testng.reporters.JUnitReportReporter -->
<testsuite hostname="DESKTOP-AM6U94K" failures="0" tests="2" name="negative_Testing.Neg_Forget_Password" time="6.786" errors="0" timestamp="2023-02-24T10:53:23 IST" skipped="0">
  <testcase classname="negative_Testing.Neg_Forget_Password" name="fp_Invalid_data" time="4.626"/>
  <system-out/>
  <testcase classname="negative_Testing.Neg_Forget_Password" name="fp_Skipping_mandatory_Fields" time="2.160"/>
  <system-out/>
</testsuite> <!-- negative_Testing.Neg_Forget_Password -->
