<?xml version="1.0" encoding="UTF-8"?>
<!-- Generated by org.testng.reporters.JUnitReportReporter -->
<testsuite hostname="DESKTOP-AM6U94K" failures="0" tests="8" name="negative_Testing.Login_Neg_Test" time="15.512" errors="0" timestamp="2023-02-24T11:11:24 IST" skipped="0">
  <testcase classname="negative_Testing.Login_Neg_Test" name="bothWrongCreds" time="6.482"/>
  <system-out/>
  <testcase classname="negative_Testing.Login_Neg_Test" name="invalidPassword" time="1.407"/>
  <system-out/>
  <testcase classname="negative_Testing.Login_Neg_Test" name="invalidUsername" time="1.231"/>
  <system-out/>
  <testcase classname="negative_Testing.Login_Neg_Test" name="bothemptycreds" time="1.338"/>
  <system-out/>
  <testcase classname="negative_Testing.Login_Neg_Test" name="emptyUsername" time="1.237"/>
  <system-out/>
  <testcase classname="negative_Testing.Login_Neg_Test" name="emptyPassword" time="1.265"/>
  <system-out/>
  <testcase classname="negative_Testing.Login_Neg_Test" name="NumericUsername" time="1.301"/>
  <system-out/>
  <testcase classname="negative_Testing.Login_Neg_Test" name="sizeofUsername" time="1.251"/>
  <system-out/>
</testsuite> <!-- negative_Testing.Login_Neg_Test -->
