<?xml version="1.0" encoding="UTF-8"?>
<!-- Generated by org.testng.reporters.JUnitReportReporter -->
<testsuite hostname="DESKTOP-AM6U94K" failures="0" tests="2" name="negative_Testing.Login" time="11.382" errors="0" timestamp="2023-02-24T10:53:23 IST" skipped="0">
  <testcase classname="negative_Testing.Login" name="RegisterVerification" time="8.217"/>
  <system-out/>
  <testcase classname="negative_Testing.Login" name="LoginVerification" time="3.165"/>
  <system-out/>
</testsuite> <!-- negative_Testing.Login -->
