<?xml version="1.0" encoding="UTF-8"?>
<!-- Generated by org.testng.reporters.JUnitReportReporter -->
<testsuite hostname="Karishma" failures="0" tests="1" name="com.mohs10.scripts.HomeTest_XLUtils" time="57.466" errors="0" timestamp="2023-05-03T15:38:10 IST" skipped="0">
  <testcase classname="com.mohs10.scripts.HomeTest_XLUtils" name="LoginTestCase" time="57.466"/>
  <system-out/>
</testsuite> <!-- com.mohs10.scripts.HomeTest_XLUtils -->
