<?xml version="1.0" encoding="UTF-8"?>
<!-- Generated by org.testng.reporters.JUnitReportReporter -->
<testsuite hostname="Karishma" failures="0" tests="2" name="RestAssured.put$HTTPRequests" time="1.662" errors="0" timestamp="2023-04-18T15:27:24 IST" skipped="0">
  <testcase classname="RestAssured.put$HTTPRequests" name="createUser" time="0.858"/>
  <system-out/>
  <testcase classname="RestAssured.put$HTTPRequests" name="updateUser" time="0.804"/>
  <system-out/>
</testsuite> <!-- RestAssured.put$HTTPRequests -->
