<?xml version="1.0" encoding="UTF-8"?>
<!-- Generated by org.testng.reporters.JUnitReportReporter -->
<testsuite hostname="DESKTOP-AM6U94K" failures="0" tests="1" name="com.mohs10.scripts.mohs10dropdown" time="3.087" errors="0" timestamp="2023-02-21T17:08:30 IST" skipped="0">
  <testcase classname="com.mohs10.scripts.mohs10dropdown" name="aboutusTest" time="3.087"/>
  <system-out/>
</testsuite> <!-- com.mohs10.scripts.mohs10dropdown -->
