<?xml version="1.0" encoding="UTF-8"?>
<!-- Generated by org.testng.reporters.JUnitReportReporter -->
<testsuite hostname="Karishma" failures="0" tests="1" name="com.mohs10.scripts.HomeTest1" time="2.073" errors="0" timestamp="2023-05-02T16:43:09 IST" skipped="0">
  <testcase classname="com.mohs10.scripts.HomeTest1" name="LoginTestCase" time="2.073"/>
  <system-out/>
</testsuite> <!-- com.mohs10.scripts.HomeTest1 -->
