<?xml version="1.0" encoding="UTF-8"?>
<!-- Generated by org.testng.reporters.JUnitReportReporter -->
<testsuite hostname="DESKTOP-AM6U94K" failures="0" tests="1" name="validations_TestScripts.Register" time="4.180" errors="0" timestamp="2023-02-15T17:25:03 IST" skipped="0">
  <testcase classname="validations_TestScripts.Register" name="ValidatingRegisterPage" time="4.180"/>
  <system-out/>
</testsuite> <!-- validations_TestScripts.Register -->
