<?xml version="1.0" encoding="UTF-8"?>
<!-- Generated by org.testng.reporters.JUnitReportReporter -->
<testsuite hostname="DESKTOP-AM6U94K" failures="0" tests="3" name="negative_Testing.Register_Neg_Test" time="12.494" errors="0" timestamp="2023-02-24T10:53:23 IST" skipped="0">
  <testcase classname="negative_Testing.Register_Neg_Test" name="Reg_Skipping_mandatory_Fields" time="6.351"/>
  <system-out/>
  <testcase classname="negative_Testing.Register_Neg_Test" name="Reg_All_InvalidCreds" time="3.427"/>
  <system-out/>
  <testcase classname="negative_Testing.Register_Neg_Test" name="Reg_Existing_Username" time="2.716"/>
  <system-out/>
</testsuite> <!-- negative_Testing.Register_Neg_Test -->
